# JRE version: Java(TM) SE Runtime Environment (8.0_131-b11) (build 1.8.0_131-b11)
# Java VM: Java HotSpot(TM) 64-Bit Server VM (25.131-b11 mixed mode windows-amd64 compressed oops)
Heap:
 PSYoungGen      total 38400K, used 7780K [0x00000000d5e00000, 0x00000000d8880000, 0x0000000100000000)
  eden space 33280K, 10% used [0x00000000d5e00000,0x00000000d6141d90,0x00000000d7e80000)
  from space 5120K, 86% used [0x00000000d8380000,0x00000000d87d7468,0x00000000d8880000)
  to   space 5120K, 0% used [0x00000000d7e80000,0x00000000d7e80000,0x00000000d8380000)
 ParOldGen       total 55808K, used 11423K [0x0000000081a00000, 0x0000000085080000, 0x00000000d5e00000)
  object space 55808K, 20% used [0x0000000081a00000,0x0000000082527fe0,0x0000000085080000)
 Metaspace       used 28288K, capacity 29754K, committed 29824K, reserved 1075200K
  class space    used 3891K, capacity 4203K, committed 4224K, reserved 1048576K
GC Heap History (10 events):
Event: 9.992 GC heap before
{Heap before GC invocations=7 (full 1):
 PSYoungGen      total 38400K, used 36648K [0x00000000d5e00000, 0x00000000d8880000, 0x0000000100000000)
  eden space 33280K, 99% used [0x00000000d5e00000,0x00000000d7e77858,0x00000000d7e80000)
  from space 5120K, 66% used [0x00000000d7e80000,0x00000000d81d28e8,0x00000000d8380000)
  to   space 5120K, 0% used [0x00000000d8380000,0x00000000d8380000,0x00000000d8880000)
 ParOldGen       total 55808K, used 6562K [0x0000000081a00000, 0x0000000085080000, 0x00000000d5e00000)
  object space 55808K, 11% used [0x0000000081a00000,0x0000000082068b00,0x0000000085080000)
 Metaspace       used 22234K, capacity 22966K, committed 23168K, reserved 1069056K
  class space    used 2971K, capacity 3191K, committed 3200K, reserved 1048576K
Event: 9.998 GC heap after
Heap after GC invocations=7 (full 1):
 PSYoungGen      total 38400K, used 3453K [0x00000000d5e00000, 0x00000000d8880000, 0x0000000100000000)
  eden space 33280K, 0% used [0x00000000d5e00000,0x00000000d5e00000,0x00000000d7e80000)
  from space 5120K, 67% used [0x00000000d8380000,0x00000000d86df6d0,0x00000000d8880000)
  to   space 5120K, 0% used [0x00000000d7e80000,0x00000000d7e80000,0x00000000d8380000)
 ParOldGen       total 55808K, used 6634K [0x0000000081a00000, 0x0000000085080000, 0x00000000d5e00000)
  object space 55808K, 11% used [0x0000000081a00000,0x000000008207ab10,0x0000000085080000)
 Metaspace       used 22234K, capacity 22966K, committed 23168K, reserved 1069056K
  class space    used 2971K, capacity 3191K, committed 3200K, reserved 1048576K
}
Event: 10.739 GC heap before
{Heap before GC invocations=8 (full 1):
 PSYoungGen      total 38400K, used 36733K [0x00000000d5e00000, 0x00000000d8880000, 0x0000000100000000)
  eden space 33280K, 100% used [0x00000000d5e00000,0x00000000d7e80000,0x00000000d7e80000)
  from space 5120K, 67% used [0x00000000d8380000,0x00000000d86df6d0,0x00000000d8880000)
  to   space 5120K, 0% used [0x00000000d7e80000,0x00000000d7e80000,0x00000000d8380000)
 ParOldGen       total 55808K, used 6634K [0x0000000081a00000, 0x0000000085080000, 0x00000000d5e00000)
  object space 55808K, 11% used [0x0000000081a00000,0x000000008207ab10,0x0000000085080000)
 Metaspace       used 22389K, capacity 23200K, committed 23552K, reserved 1069056K
  class space    used 2999K, capacity 3202K, committed 3328K, reserved 1048576K
Event: 10.743 GC heap after
Heap after GC invocations=8 (full 1):
 PSYoungGen      total 38400K, used 3568K [0x00000000d5e00000, 0x00000000d8880000, 0x0000000100000000)
  eden space 33280K, 0% used [0x00000000d5e00000,0x00000000d5e00000,0x00000000d7e80000)
  from space 5120K, 69% used [0x00000000d7e80000,0x00000000d81fc328,0x00000000d8380000)
  to   space 5120K, 0% used [0x00000000d8380000,0x00000000d8380000,0x00000000d8880000)
 ParOldGen       total 55808K, used 6634K [0x0000000081a00000, 0x0000000085080000, 0x00000000d5e00000)
  object space 55808K, 11% used [0x0000000081a00000,0x000000008207ab10,0x0000000085080000)
 Metaspace       used 22389K, capacity 23200K, committed 23552K, reserved 1069056K
  class space    used 2999K, capacity 3202K, committed 3328K, reserved 1048576K
}
Event: 11.875 GC heap before
{Heap before GC invocations=9 (full 1):
 PSYoungGen      total 38400K, used 36848K [0x00000000d5e00000, 0x00000000d8880000, 0x0000000100000000)
  eden space 33280K, 100% used [0x00000000d5e00000,0x00000000d7e80000,0x00000000d7e80000)
  from space 5120K, 69% used [0x00000000d7e80000,0x00000000d81fc328,0x00000000d8380000)
  to   space 5120K, 0% used [0x00000000d8380000,0x00000000d8380000,0x00000000d8880000)
 ParOldGen       total 55808K, used 6634K [0x0000000081a00000, 0x0000000085080000, 0x00000000d5e00000)
  object space 55808K, 11% used [0x0000000081a00000,0x000000008207ab10,0x0000000085080000)
 Metaspace       used 24239K, capacity 25252K, committed 25344K, reserved 1071104K
  class space    used 3295K, capacity 3518K, committed 3584K, reserved 1048576K
Event: 11.882 GC heap after
Heap after GC invocations=9 (full 1):
 PSYoungGen      total 38400K, used 5088K [0x00000000d5e00000, 0x00000000d8880000, 0x0000000100000000)
  eden space 33280K, 0% used [0x00000000d5e00000,0x00000000d5e00000,0x00000000d7e80000)
  from space 5120K, 99% used [0x00000000d8380000,0x00000000d8878258,0x00000000d8880000)
  to   space 5120K, 0% used [0x00000000d7e80000,0x00000000d7e80000,0x00000000d8380000)
 ParOldGen       total 55808K, used 7567K [0x0000000081a00000, 0x0000000085080000, 0x00000000d5e00000)
  object space 55808K, 13% used [0x0000000081a00000,0x0000000082163ca8,0x0000000085080000)
 Metaspace       used 24239K, capacity 25252K, committed 25344K, reserved 1071104K
  class space    used 3295K, capacity 3518K, committed 3584K, reserved 1048576K
}
Event: 12.809 GC heap before
{Heap before GC invocations=10 (full 1):
 PSYoungGen      total 38400K, used 38368K [0x00000000d5e00000, 0x00000000d8880000, 0x0000000100000000)
  eden space 33280K, 100% used [0x00000000d5e00000,0x00000000d7e80000,0x00000000d7e80000)
  from space 5120K, 99% used [0x00000000d8380000,0x00000000d8878258,0x00000000d8880000)
  to   space 5120K, 0% used [0x00000000d7e80000,0x00000000d7e80000,0x00000000d8380000)
 ParOldGen       total 55808K, used 7567K [0x0000000081a00000, 0x0000000085080000, 0x00000000d5e00000)
  object space 55808K, 13% used [0x0000000081a00000,0x0000000082163ca8,0x0000000085080000)
 Metaspace       used 26140K, capacity 27236K, committed 27392K, reserved 1073152K
  class space    used 3556K, capacity 3796K, committed 3840K, reserved 1048576K
Event: 12.819 GC heap after
Heap after GC invocations=10 (full 1):
 PSYoungGen      total 38400K, used 4839K [0x00000000d5e00000, 0x00000000d8880000, 0x0000000100000000)
  eden space 33280K, 0% used [0x00000000d5e00000,0x00000000d5e00000,0x00000000d7e80000)
  from space 5120K, 94% used [0x00000000d7e80000,0x00000000d8339ee8,0x00000000d8380000)
  to   space 5120K, 0% used [0x00000000d8380000,0x00000000d8380000,0x00000000d8880000)
 ParOldGen       total 55808K, used 9568K [0x0000000081a00000, 0x0000000085080000, 0x00000000d5e00000)
  object space 55808K, 17% used [0x0000000081a00000,0x00000000823581c8,0x0000000085080000)
 Metaspace       used 26140K, capacity 27236K, committed 27392K, reserved 1073152K
  class space    used 3556K, capacity 3796K, committed 3840K, reserved 1048576K
}
Event: 13.895 GC heap before
{Heap before GC invocations=11 (full 1):
 PSYoungGen      total 38400K, used 38119K [0x00000000d5e00000, 0x00000000d8880000, 0x0000000100000000)
  eden space 33280K, 100% used [0x00000000d5e00000,0x00000000d7e80000,0x00000000d7e80000)
  from space 5120K, 94% used [0x00000000d7e80000,0x00000000d8339ee8,0x00000000d8380000)
  to   space 5120K, 0% used [0x00000000d8380000,0x00000000d8380000,0x00000000d8880000)
 ParOldGen       total 55808K, used 9568K [0x0000000081a00000, 0x0000000085080000, 0x00000000d5e00000)
  object space 55808K, 17% used [0x0000000081a00000,0x00000000823581c8,0x0000000085080000)
 Metaspace       used 27936K, capacity 29402K, committed 29568K, reserved 1075200K
  class space    used 3846K, capacity 4171K, committed 4224K, reserved 1048576K
Event: 13.903 GC heap after
Heap after GC invocations=11 (full 1):
 PSYoungGen      total 38400K, used 4445K [0x00000000d5e00000, 0x00000000d8880000, 0x0000000100000000)
  eden space 33280K, 0% used [0x00000000d5e00000,0x00000000d5e00000,0x00000000d7e80000)
  from space 5120K, 86% used [0x00000000d8380000,0x00000000d87d7468,0x00000000d8880000)
  to   space 5120K, 0% used [0x00000000d7e80000,0x00000000d7e80000,0x00000000d8380000)
 ParOldGen       total 55808K, used 11423K [0x0000000081a00000, 0x0000000085080000, 0x00000000d5e00000)
  object space 55808K, 20% used [0x0000000081a00000,0x0000000082527fe0,0x0000000085080000)
 Metaspace       used 27936K, capacity 29402K, committed 29568K, reserved 1075200K
  class space    used 3846K, capacity 4171K, committed 4224K, reserved 1048576K
}

